<?xml version="1.0" encoding="UTF-8"?>
<testng-results skipped="0" failed="2" ignored="0" total="2" passed="0">
  <reporter-output>
  </reporter-output>
  <suite name="Command line suite" duration-ms="43651" started-at="2019-06-05T15:09:31Z" finished-at="2019-06-05T15:10:14Z">
    <groups>
    </groups>
    <test name="Command line test" duration-ms="43651" started-at="2019-06-05T15:09:31Z" finished-at="2019-06-05T15:10:14Z">
      <class name="com.praveen.psr.asi.coretestmodule.CoreTestNGTestClass">
        <test-method status="PASS" signature="BeforeAllTests(org.testng.ITestContext)[pri:0, instance:com.praveen.psr.asi.coretestmodule.CoreTestNGTestClass@21518e92]" name="BeforeAllTests" is-config="true" duration-ms="124" started-at="2019-06-05T15:09:31Z" finished-at="2019-06-05T15:09:31Z">
          <params>
            <param index="0">
              <value>
                <![CDATA[org.testng.TestRunner@3fc48ac6]]>
              </value>
            </param>
          </params>
          <reporter-output>
          </reporter-output>
        </test-method> <!-- BeforeAllTests -->
        <test-method status="PASS" signature="TestNGConnfiguationBeforeRun(org.testng.ITestContext)[pri:0, instance:com.praveen.psr.asi.coretestmodule.CoreTestNGTestClass@21518e92]" name="TestNGConnfiguationBeforeRun" is-config="true" duration-ms="1" started-at="2019-06-05T15:09:31Z" finished-at="2019-06-05T15:09:31Z">
          <params>
            <param index="0">
              <value>
                <![CDATA[org.testng.TestRunner@3fc48ac6]]>
              </value>
            </param>
          </params>
          <reporter-output>
          </reporter-output>
        </test-method> <!-- TestNGConnfiguationBeforeRun -->
        <test-method status="FAIL" signature="executeTestCase(com.praveen.psr.asi.frameworkcore.TestCase)[pri:0, instance:com.praveen.psr.asi.coretestmodule.CoreTestNGTestClass@21518e92]" name="executeTestCase" duration-ms="38628" started-at="2019-06-05T15:09:31Z" data-provider="TestCaseData" finished-at="2019-06-05T15:10:10Z">
          <params>
            <param index="0">
              <value>
                <![CDATA[com.praveen.psr.asi.frameworkcore.TestCase@140159e4]]>
              </value>
            </param>
          </params>
          <exception class="org.openqa.selenium.TimeoutException">
            <message>
              <![CDATA[Expected condition failed: waiting for visibility of element located by By.id: lst-ib (tried for 30 second(s) with 500 milliseconds interval)]]>
            </message>
            <full-stacktrace>
              <![CDATA[org.openqa.selenium.TimeoutException: Expected condition failed: waiting for visibility of element located by By.id: lst-ib (tried for 30 second(s) with 500 milliseconds interval)
at org.openqa.selenium.support.ui.WebDriverWait.timeoutException(WebDriverWait.java:81)
at org.openqa.selenium.support.ui.FluentWait.until(FluentWait.java:271)
at com.praveen.psr.asi.keywordconfigs.seleniumkeywords.SeleniumDriverbasedKeywordConfigs.VisibiltyWaitCall(SeleniumDriverbasedKeywordConfigs.java:148)
at com.praveen.psr.asi.keywordconfigs.seleniumkeywords.SeleniumDriverbasedKeywordConfigs.executeSeleniumProcessStep(SeleniumDriverbasedKeywordConfigs.java:112)
at com.praveen.psr.asi.frameworkcore.TestStepExecutor.executeTestStep(TestStepExecutor.java:123)
at com.praveen.psr.asi.frameworkcore.TestStepExecutor.executeTestSteps(TestStepExecutor.java:71)
at com.praveen.psr.asi.frameworkcore.TestStepExecutor.executeTestCase(TestStepExecutor.java:78)
at com.praveen.psr.asi.coretestmodule.CoreTestNGTestClass.executeTestCase(CoreTestNGTestClass.java:93)
at sun.reflect.NativeMethodAccessorImpl.invoke0(Native Method)
at sun.reflect.NativeMethodAccessorImpl.invoke(NativeMethodAccessorImpl.java:62)
at sun.reflect.DelegatingMethodAccessorImpl.invoke(DelegatingMethodAccessorImpl.java:43)
at java.lang.reflect.Method.invoke(Method.java:498)
at org.testng.internal.MethodInvocationHelper.invokeMethod(MethodInvocationHelper.java:124)
at org.testng.internal.Invoker.invokeMethod(Invoker.java:580)
at org.testng.internal.Invoker.invokeTestMethod(Invoker.java:716)
at org.testng.internal.TestMethodWithDataProviderMethodWorker.call(TestMethodWithDataProviderMethodWorker.java:71)
at org.testng.internal.TestMethodWithDataProviderMethodWorker.call(TestMethodWithDataProviderMethodWorker.java:14)
at java.util.concurrent.FutureTask.run(FutureTask.java:266)
at java.util.concurrent.Executors$RunnableAdapter.call(Executors.java:511)
at java.util.concurrent.FutureTask.run(FutureTask.java:266)
at java.util.concurrent.ThreadPoolExecutor.runWorker(ThreadPoolExecutor.java:1142)
at java.util.concurrent.ThreadPoolExecutor$Worker.run(ThreadPoolExecutor.java:617)
at java.lang.Thread.run(Thread.java:748)
Caused by: org.openqa.selenium.NoSuchElementException: Cannot locate an element using By.id: lst-ib
For documentation on this error, please visit: http://seleniumhq.org/exceptions/no_such_element.html
Build info: version: '3.12.0', revision: '7c6e0b3', time: '2018-05-08T14:04:26.12Z'
System info: host: 'PRAVEEN', ip: '192.168.222.1', os.name: 'Windows 8', os.arch: 'amd64', os.version: '6.2', java.version: '1.8.0_131'
Driver info: driver.version: unknown
at org.openqa.selenium.support.ui.ExpectedConditions.lambda$findElement$0(ExpectedConditions.java:896)
at java.util.Optional.orElseThrow(Optional.java:290)
at org.openqa.selenium.support.ui.ExpectedConditions.findElement(ExpectedConditions.java:895)
at org.openqa.selenium.support.ui.ExpectedConditions.access$000(ExpectedConditions.java:44)
at org.openqa.selenium.support.ui.ExpectedConditions$7.apply(ExpectedConditions.java:206)
at org.openqa.selenium.support.ui.ExpectedConditions$7.apply(ExpectedConditions.java:202)
at org.openqa.selenium.support.ui.FluentWait.until(FluentWait.java:248)
... 21 more
]]>
            </full-stacktrace>
          </exception> <!-- org.openqa.selenium.TimeoutException -->
          <reporter-output>
          </reporter-output>
        </test-method> <!-- executeTestCase -->
        <test-method status="FAIL" signature="executeTestCase(com.praveen.psr.asi.frameworkcore.TestCase)[pri:0, instance:com.praveen.psr.asi.coretestmodule.CoreTestNGTestClass@21518e92]" name="executeTestCase" duration-ms="40325" started-at="2019-06-05T15:09:31Z" data-provider="TestCaseData" finished-at="2019-06-05T15:10:11Z">
          <params>
            <param index="0">
              <value>
                <![CDATA[com.praveen.psr.asi.frameworkcore.TestCase@76eb794]]>
              </value>
            </param>
          </params>
          <exception class="org.openqa.selenium.TimeoutException">
            <message>
              <![CDATA[Expected condition failed: waiting for visibility of element located by By.id: lst-ib (tried for 30 second(s) with 500 milliseconds interval)]]>
            </message>
            <full-stacktrace>
              <![CDATA[org.openqa.selenium.TimeoutException: Expected condition failed: waiting for visibility of element located by By.id: lst-ib (tried for 30 second(s) with 500 milliseconds interval)
at org.openqa.selenium.support.ui.WebDriverWait.timeoutException(WebDriverWait.java:81)
at org.openqa.selenium.support.ui.FluentWait.until(FluentWait.java:271)
at com.praveen.psr.asi.keywordconfigs.seleniumkeywords.SeleniumDriverbasedKeywordConfigs.VisibiltyWaitCall(SeleniumDriverbasedKeywordConfigs.java:148)
at com.praveen.psr.asi.keywordconfigs.seleniumkeywords.SeleniumDriverbasedKeywordConfigs.executeSeleniumProcessStep(SeleniumDriverbasedKeywordConfigs.java:112)
at com.praveen.psr.asi.frameworkcore.TestStepExecutor.executeTestStep(TestStepExecutor.java:123)
at com.praveen.psr.asi.frameworkcore.TestStepExecutor.executeTestSteps(TestStepExecutor.java:71)
at com.praveen.psr.asi.frameworkcore.TestStepExecutor.executeTestCase(TestStepExecutor.java:78)
at com.praveen.psr.asi.coretestmodule.CoreTestNGTestClass.executeTestCase(CoreTestNGTestClass.java:93)
at sun.reflect.NativeMethodAccessorImpl.invoke0(Native Method)
at sun.reflect.NativeMethodAccessorImpl.invoke(NativeMethodAccessorImpl.java:62)
at sun.reflect.DelegatingMethodAccessorImpl.invoke(DelegatingMethodAccessorImpl.java:43)
at java.lang.reflect.Method.invoke(Method.java:498)
at org.testng.internal.MethodInvocationHelper.invokeMethod(MethodInvocationHelper.java:124)
at org.testng.internal.Invoker.invokeMethod(Invoker.java:580)
at org.testng.internal.Invoker.invokeTestMethod(Invoker.java:716)
at org.testng.internal.TestMethodWithDataProviderMethodWorker.call(TestMethodWithDataProviderMethodWorker.java:71)
at org.testng.internal.TestMethodWithDataProviderMethodWorker.call(TestMethodWithDataProviderMethodWorker.java:14)
at java.util.concurrent.FutureTask.run(FutureTask.java:266)
at java.util.concurrent.Executors$RunnableAdapter.call(Executors.java:511)
at java.util.concurrent.FutureTask.run(FutureTask.java:266)
at java.util.concurrent.ThreadPoolExecutor.runWorker(ThreadPoolExecutor.java:1142)
at java.util.concurrent.ThreadPoolExecutor$Worker.run(ThreadPoolExecutor.java:617)
at java.lang.Thread.run(Thread.java:748)
Caused by: org.openqa.selenium.NoSuchElementException: Cannot locate an element using By.id: lst-ib
For documentation on this error, please visit: http://seleniumhq.org/exceptions/no_such_element.html
Build info: version: '3.12.0', revision: '7c6e0b3', time: '2018-05-08T14:04:26.12Z'
System info: host: 'PRAVEEN', ip: '192.168.222.1', os.name: 'Windows 8', os.arch: 'amd64', os.version: '6.2', java.version: '1.8.0_131'
Driver info: driver.version: unknown
at org.openqa.selenium.support.ui.ExpectedConditions.lambda$findElement$0(ExpectedConditions.java:896)
at java.util.Optional.orElseThrow(Optional.java:290)
at org.openqa.selenium.support.ui.ExpectedConditions.findElement(ExpectedConditions.java:895)
at org.openqa.selenium.support.ui.ExpectedConditions.access$000(ExpectedConditions.java:44)
at org.openqa.selenium.support.ui.ExpectedConditions$7.apply(ExpectedConditions.java:206)
at org.openqa.selenium.support.ui.ExpectedConditions$7.apply(ExpectedConditions.java:202)
at org.openqa.selenium.support.ui.FluentWait.until(FluentWait.java:248)
... 21 more
]]>
            </full-stacktrace>
          </exception> <!-- org.openqa.selenium.TimeoutException -->
          <reporter-output>
          </reporter-output>
        </test-method> <!-- executeTestCase -->
        <test-method status="PASS" signature="AfterEachTest(org.testng.ITestResult)[pri:0, instance:com.praveen.psr.asi.coretestmodule.CoreTestNGTestClass@21518e92]" name="AfterEachTest" is-config="true" duration-ms="2672" started-at="2019-06-05T15:10:10Z" finished-at="2019-06-05T15:10:12Z">
          <params>
            <param index="0">
              <value>
                <![CDATA[[TestResult name=executeTestCase status=FAILURE method=CoreTestNGTestClass.executeTestCase(com.praveen.psr.asi.frameworkcore.TestCase)[pri:0, instance:com.praveen.psr.asi.coretestmodule.CoreTestNGTestClass@21518e92] output={null}]]]>
              </value>
            </param>
          </params>
          <reporter-output>
          </reporter-output>
        </test-method> <!-- AfterEachTest -->
        <test-method status="PASS" signature="AfterEachTest(org.testng.ITestResult)[pri:0, instance:com.praveen.psr.asi.coretestmodule.CoreTestNGTestClass@21518e92]" name="AfterEachTest" is-config="true" duration-ms="2667" started-at="2019-06-05T15:10:11Z" finished-at="2019-06-05T15:10:14Z">
          <params>
            <param index="0">
              <value>
                <![CDATA[[TestResult name=executeTestCase status=FAILURE method=CoreTestNGTestClass.executeTestCase(com.praveen.psr.asi.frameworkcore.TestCase)[pri:0, instance:com.praveen.psr.asi.coretestmodule.CoreTestNGTestClass@21518e92] output={null}]]]>
              </value>
            </param>
          </params>
          <reporter-output>
          </reporter-output>
        </test-method> <!-- AfterEachTest -->
        <test-method status="PASS" signature="afterallTests()[pri:0, instance:com.praveen.psr.asi.coretestmodule.CoreTestNGTestClass@21518e92]" name="afterallTests" is-config="true" duration-ms="496" started-at="2019-06-05T15:10:14Z" finished-at="2019-06-05T15:10:14Z">
          <reporter-output>
          </reporter-output>
        </test-method> <!-- afterallTests -->
      </class> <!-- com.praveen.psr.asi.coretestmodule.CoreTestNGTestClass -->
    </test> <!-- Command line test -->
  </suite> <!-- Command line suite -->
</testng-results>
